Welcome to the XWin X Server
Vendor: Moba/X
Release: 1.21.1.3
OS: Windows 10  [Windows NT 10.0 build 19044] x86-on-x64
Package: version  built 2022-01-16

XWin was started with the following command line:


 D:\Study\NYU\semester 2\Deep Learning\Project\project 1\project1_repo\slash\bin\XWin_MobaX.exe 
 -silent-dup-error -notrayicon -nolisten inet6 -hostintitle +bs 
 -clipboard -nowgl -screen 0 @1 -multiwindow -noreset :0 

ddxProcessArgument - Initializing default screens
winInitializeScreenDefaults - primary monitor w 2560 h 1440
winInitializeScreens - 1
winInitializeScreen - 0
ddxProcessArgument - screen - Found Valid ``@Monitor'' = 1 arg
(==) FontPath set to /usr/share/fonts/misc/
(==) FontPath set to D:\Study\NYU\semester 2\Deep Learning\Project\project 1\project1_repo\slash/usr/share/fonts/misc/
(==) FontPath set to /usr/share/fonts/TTF/
(==) FontPath set to D:\Study\NYU\semester 2\Deep Learning\Project\project 1\project1_repo\slash/usr/share/fonts/TTF/
(==) FontPath set to /usr/share/fonts/OTF/
(==) FontPath set to D:\Study\NYU\semester 2\Deep Learning\Project\project 1\project1_repo\slash/usr/share/fonts/OTF/
(==) FontPath set to /usr/share/fonts/Type1/
(==) FontPath set to D:\Study\NYU\semester 2\Deep Learning\Project\project 1\project1_repo\slash/usr/share/fonts/Type1/
(==) FontPath set to /usr/share/fonts/100dpi/
(==) FontPath set to D:\Study\NYU\semester 2\Deep Learning\Project\project 1\project1_repo\slash/usr/share/fonts/100dpi/
(==) FontPath set to /usr/share/fonts/75dpi/
(==) FontPath set to D:\Study\NYU\semester 2\Deep Learning\Project\project 1\project1_repo\slash/usr/share/fonts/75dpi/
(==) FontPath set to "D:\Study\NYU\semester 2\Deep Learning\Project\project 1\project1_repo\slash/usr/share/fonts/misc/,D:\Study\NYU\semester 2\Deep Learning\Project\project 1\project1_repo\slash/usr/share/fonts/TTF/,D:\Study\NYU\semester 2\Deep Learning\Project\project 1\project1_repo\slash/usr/share/fonts/OTF/,D:\Study\NYU\semester 2\Deep Learning\Project\project 1\project1_repo\slash/usr/share/fonts/Type1/,D:\Study\NYU\semester 2\Deep Learning\Project\project 1\project1_repo\slash/usr/share/fonts/100dpi/,D:\Study\NYU\semester 2\Deep Learning\Project\project 1\project1_repo\slash/usr/share/fonts/75dpi/"
(==) Setting XKEYSYMDB path to XKEYSYMDB=D:\Study\NYU\semester 2\Deep Learning\Project\project 1\project1_repo\slash\usr\share\X11\XKeysymDB
(==) Setting XERRORDB path to XERRORDB=D:\Study\NYU\semester 2\Deep Learning\Project\project 1\project1_repo\slash\usr\share\X11\XErrorDB
(==) Setting XLOCALEDIR path to XLOCALEDIR=D:\Study\NYU\semester 2\Deep Learning\Project\project 1\project1_repo\slash\usr\share\X11\locale
(==) Logfile set to "D:\Study\NYU\semester 2\Deep Learning\Project\project 1\project1_repo\slash\var\log\xwin\XWin.0.log"
(==) Setting XKB path to D:\Study\NYU\semester 2\Deep Learning\Project\project 1\project1_repo\slash\usr\share\X11\xkb
[394931.046] winUpdateDpi - primary monitor native DPI x 96 y 96
[394931.046] winDetectSupportedEngines - RemoteSession: no
[394931.203] winDetectSupportedEngines - DirectDraw4 installed, allowing ShadowDDNL
[394931.203] winDetectSupportedEngines - Returning, supported engines 00000005
[394931.203] winSetEngine - Multi Window or Rootless => ShadowGDI
[394931.203] winScreenInit - Using Windows display depth of 32 bits per pixel
[394931.484] winAllocateFBShadowGDI - Creating DIB with width: 4480 height: 1440 depth: 32
[394931.484] winFinishScreenInitFB - Masks: 00ff0000 0000ff00 000000ff
[394931.484] winInitVisualsShadowGDI - Masks 00ff0000 0000ff00 000000ff BPRGB 8 d 24 bpp 32
[394931.531] (II) IGLX: Loaded and initialized swrast
[394931.531] (II) GLX: Initialized DRISWRAST GL provider for screen 0
[394931.593] (II) [XKB]  "D:\Study\NYU\semester 2\Deep Learning\Project\project 1\project1_repo\slash\var\log\xwin\xkb_a23484" file successfully created.
[394931.593] (II) [XKB]  Launching xkbcomp.exe with the following command:
[394931.593] (II) [XKB]  "D:\Study\NYU\semester 2\Deep Learning\Project\project 1\project1_repo\slash\bin\xkbcomp_w32.exe" -w 1 "-RD:\Study\NYU\semester 2\Deep Learning\Project\project 1\project1_repo\slash\usr\share\X11\xkb" -xkm "D:\Study\NYU\semester 2\Deep Learning\Project\project 1\project1_repo\slash\var\log\xwin\xkb_a23484" -em1 "The XKEYBOARD keymap compiler (xkbcomp) reports:" -emp "> " -eml "Errors from xkbcomp are not fatal to the X server" "D:\Study\NYU\semester 2\Deep Learning\Project\project 1\project1_repo\slash\var\log\xwin\server-0.xkm"
[394931.593] (II) [XKB]  LaunchXkbComp(II) :  succeeded
[394931.812] (II) [XKB]  Successfully created keyboard mapping file "D:\Study\NYU\semester 2\Deep Learning\Project\project 1\project1_repo\slash\var\log\xwin\xkb_a23484"
[394931.812] winPointerWarpCursor - Discarding first warp: 2240 720
[394931.812] (--) 16 mouse buttons found
[394931.812] (--) Setting autorepeat to delay=500, rate=31
[394931.812] (--) Windows keyboard layout: "00000804" (00000804) "Chinese (Simplified) - US Keyboard", type 4
[394931.812] (--) Found matching XKB configuration "Chinese (Simplified)"
[394931.812] (--) Model = "pc105" Layout = "cn" Variant = "none" Options = "none"
[394931.812] Rules = "base" Model = "pc105" Layout = "cn" Variant = "none" Options = "none"
[394931.828] (II) [XKB]  "D:\Study\NYU\semester 2\Deep Learning\Project\project 1\project1_repo\slash\var\log\xwin\xkb_a23484" file successfully created.
[394931.828] (II) [XKB]  Launching xkbcomp.exe with the following command:
[394931.828] (II) [XKB]  "D:\Study\NYU\semester 2\Deep Learning\Project\project 1\project1_repo\slash\bin\xkbcomp_w32.exe" -w 1 "-RD:\Study\NYU\semester 2\Deep Learning\Project\project 1\project1_repo\slash\usr\share\X11\xkb" -xkm "D:\Study\NYU\semester 2\Deep Learning\Project\project 1\project1_repo\slash\var\log\xwin\xkb_a23484" -em1 "The XKEYBOARD keymap compiler (xkbcomp) reports:" -emp "> " -eml "Errors from xkbcomp are not fatal to the X server" "D:\Study\NYU\semester 2\Deep Learning\Project\project 1\project1_repo\slash\var\log\xwin\server-0.xkm"
[394931.828] (II) [XKB]  LaunchXkbComp(II) :  succeeded
[394931.875] (II) [XKB]  Successfully created keyboard mapping file "D:\Study\NYU\semester 2\Deep Learning\Project\project 1\project1_repo\slash\var\log\xwin\xkb_a23484"
[394931.890] winInitMultiWindowWM - DISPLAY=127.0.0.1:0.0
[394931.890] winMultiWindowXMsgProc - DISPLAY=127.0.0.1:0.0
[394931.890] winMultiWindowXMsgProc - xcb_connect() returned and successfully opened the display.
[394931.890] winProcEstablishConnection - winInitClipboard returned.
[394931.890] winInitMultiWindowWM - xcb_connect () returned and successfully opened the display.
[394931.890] winClipboardThreadProc - DISPLAY=127.0.0.1:0.0
[394931.890] Using Composite redirection
[394931.890] winClipboardProc - xcb_connect () returned and successfully opened the display.
[394935.562] winWindowProc - WM_EXITSIZEMOVE
[442004.375] winWindowProc - WM_DISPLAYCHANGE - new width: 1920 new height: 1080 new bpp: 32
[442004.375] winWindowProc - RemoteSession: no
[442004.375] winUpdateDpi - primary monitor native DPI x 96 y 96
[442004.375] winAllocateFBShadowGDI - Creating DIB with width: 3840 height: 1080 depth: 32
[442005.375] winWindowProc - WM_DISPLAYCHANGE - new width: 1920 new height: 1080 new bpp: 32
[442005.375] winWindowProc - RemoteSession: no
[442005.375] winUpdateDpi - primary monitor native DPI x 96 y 96
[442008.796] winWindowProc - WM_DISPLAYCHANGE - new width: 2560 new height: 1440 new bpp: 32
[442008.796] winWindowProc - RemoteSession: no
[442008.796] winUpdateDpi - primary monitor native DPI x 96 y 96
[442008.796] winAllocateFBShadowGDI - Creating DIB with width: 4480 height: 1440 depth: 32
[442022.437] winWindowProc - WM_DISPLAYCHANGE - new width: 1920 new height: 1080 new bpp: 32
[442022.437] winWindowProc - RemoteSession: no
[442022.437] winUpdateDpi - primary monitor native DPI x 96 y 96
[442022.437] winAllocateFBShadowGDI - Creating DIB with width: 3840 height: 1080 depth: 32
[443627.859] winWindowProc - WM_DISPLAYCHANGE - new width: 2560 new height: 1440 new bpp: 32
[443627.859] winWindowProc - RemoteSession: no
[443627.859] winUpdateDpi - primary monitor native DPI x 96 y 96
[443627.859] winAllocateFBShadowGDI - Creating DIB with width: 4480 height: 1440 depth: 32
[453817.750] winWindowProc - WM_DISPLAYCHANGE - new width: 2560 new height: 1440 new bpp: 32
[453817.750] winWindowProc - RemoteSession: no
[453817.750] winUpdateDpi - primary monitor native DPI x 96 y 96
[475558.734] winWindowProc - WM_DISPLAYCHANGE - new width: 1920 new height: 1080 new bpp: 32
[475558.750] winWindowProc - RemoteSession: no
[475558.750] winUpdateDpi - primary monitor native DPI x 96 y 96
[475558.750] winAllocateFBShadowGDI - Creating DIB with width: 3840 height: 1080 depth: 32
[475931.515] winWindowProc - WM_DISPLAYCHANGE - new width: 2560 new height: 1440 new bpp: 32
[475931.515] winWindowProc - RemoteSession: no
[475931.515] winUpdateDpi - primary monitor native DPI x 96 y 96
[475931.515] winAllocateFBShadowGDI - Creating DIB with width: 4480 height: 1440 depth: 32
[476086.671] winWindowProc - WM_DISPLAYCHANGE - new width: 1920 new height: 1080 new bpp: 32
[476086.671] winWindowProc - RemoteSession: no
[476086.671] winUpdateDpi - primary monitor native DPI x 96 y 96
[476086.671] winAllocateFBShadowGDI - Creating DIB with width: 3840 height: 1080 depth: 32
[476238.453] winWindowProc - WM_DISPLAYCHANGE - new width: 2560 new height: 1440 new bpp: 32
[476238.453] winWindowProc - RemoteSession: no
[476238.453] winUpdateDpi - primary monitor native DPI x 96 y 96
[476238.453] winAllocateFBShadowGDI - Creating DIB with width: 4480 height: 1440 depth: 32
[476263.921] winWindowProc - WM_DISPLAYCHANGE - new width: 1920 new height: 1080 new bpp: 32
[476263.921] winWindowProc - RemoteSession: no
[476263.921] winUpdateDpi - primary monitor native DPI x 96 y 96
[476263.921] winAllocateFBShadowGDI - Creating DIB with width: 3840 height: 1080 depth: 32
[476299.468] winWindowProc - WM_DISPLAYCHANGE - new width: 2560 new height: 1440 new bpp: 32
[476299.468] winWindowProc - RemoteSession: no
[476299.468] winUpdateDpi - primary monitor native DPI x 96 y 96
[476299.468] winAllocateFBShadowGDI - Creating DIB with width: 4480 height: 1440 depth: 32
[476356.859] winWindowProc - WM_DISPLAYCHANGE - new width: 1920 new height: 1080 new bpp: 32
[476356.859] winWindowProc - RemoteSession: no
[476356.859] winUpdateDpi - primary monitor native DPI x 96 y 96
[476356.859] winAllocateFBShadowGDI - Creating DIB with width: 3840 height: 1080 depth: 32
[476378.609] winWindowProc - WM_DISPLAYCHANGE - new width: 2560 new height: 1440 new bpp: 32
[476378.609] winWindowProc - RemoteSession: no
[476378.609] winUpdateDpi - primary monitor native DPI x 96 y 96
[476378.609] winAllocateFBShadowGDI - Creating DIB with width: 4480 height: 1440 depth: 32
[476430.609] winWindowProc - WM_DISPLAYCHANGE - new width: 1920 new height: 1080 new bpp: 32
[476430.609] winWindowProc - RemoteSession: no
[476430.609] winUpdateDpi - primary monitor native DPI x 96 y 96
[476430.609] winAllocateFBShadowGDI - Creating DIB with width: 3840 height: 1080 depth: 32
[476431.687] winWindowProc - WM_DISPLAYCHANGE - new width: 2560 new height: 1440 new bpp: 32
[476431.687] winWindowProc - RemoteSession: no
[476431.687] winUpdateDpi - primary monitor native DPI x 96 y 96
[476431.687] winAllocateFBShadowGDI - Creating DIB with width: 4480 height: 1440 depth: 32
[476435.750] winWindowProc - WM_DISPLAYCHANGE - new width: 1920 new height: 1080 new bpp: 32
[476435.750] winWindowProc - RemoteSession: no
[476435.750] winUpdateDpi - primary monitor native DPI x 96 y 96
[476435.750] winAllocateFBShadowGDI - Creating DIB with width: 3840 height: 1080 depth: 32
[476474.406] winWindowProc - WM_DISPLAYCHANGE - new width: 2560 new height: 1440 new bpp: 32
[476474.406] winWindowProc - RemoteSession: no
[476474.406] winUpdateDpi - primary monitor native DPI x 96 y 96
[476474.406] winAllocateFBShadowGDI - Creating DIB with width: 4480 height: 1440 depth: 32
[476500.562] winWindowProc - WM_DISPLAYCHANGE - new width: 1920 new height: 1080 new bpp: 32
[476500.562] winWindowProc - RemoteSession: no
[476500.562] winUpdateDpi - primary monitor native DPI x 96 y 96
[476500.562] winAllocateFBShadowGDI - Creating DIB with width: 3840 height: 1080 depth: 32
[476525.093] winWindowProc - WM_DISPLAYCHANGE - new width: 2560 new height: 1440 new bpp: 32
[476525.093] winWindowProc - RemoteSession: no
[476525.093] winUpdateDpi - primary monitor native DPI x 96 y 96
[476525.093] winAllocateFBShadowGDI - Creating DIB with width: 4480 height: 1440 depth: 32
[476557.468] winWindowProc - WM_DISPLAYCHANGE - new width: 1920 new height: 1080 new bpp: 32
[476557.468] winWindowProc - RemoteSession: no
[476557.468] winUpdateDpi - primary monitor native DPI x 96 y 96
[476557.468] winAllocateFBShadowGDI - Creating DIB with width: 3840 height: 1080 depth: 32
[476571.984] winWindowProc - WM_DISPLAYCHANGE - new width: 2560 new height: 1440 new bpp: 32
[476571.984] winWindowProc - RemoteSession: no
[476571.984] winUpdateDpi - primary monitor native DPI x 96 y 96
[476571.984] winAllocateFBShadowGDI - Creating DIB with width: 4480 height: 1440 depth: 32
[476625.500] winWindowProc - WM_DISPLAYCHANGE - new width: 1920 new height: 1080 new bpp: 32
[476625.500] winWindowProc - RemoteSession: no
[476625.500] winUpdateDpi - primary monitor native DPI x 96 y 96
[476625.500] winAllocateFBShadowGDI - Creating DIB with width: 3840 height: 1080 depth: 32
[476676.484] winWindowProc - WM_DISPLAYCHANGE - new width: 2560 new height: 1440 new bpp: 32
[476676.484] winWindowProc - RemoteSession: no
[476676.484] winUpdateDpi - primary monitor native DPI x 96 y 96
[476676.484] winAllocateFBShadowGDI - Creating DIB with width: 4480 height: 1440 depth: 32
[476717.453] winWindowProc - WM_DISPLAYCHANGE - new width: 1920 new height: 1080 new bpp: 32
[476717.453] winWindowProc - RemoteSession: no
[476717.453] winUpdateDpi - primary monitor native DPI x 96 y 96
[476717.453] winAllocateFBShadowGDI - Creating DIB with width: 3840 height: 1080 depth: 32
[476798.171] winWindowProc - WM_DISPLAYCHANGE - new width: 2560 new height: 1440 new bpp: 32
[476798.171] winWindowProc - RemoteSession: no
[476798.171] winUpdateDpi - primary monitor native DPI x 96 y 96
[476798.171] winAllocateFBShadowGDI - Creating DIB with width: 4480 height: 1440 depth: 32
[476807.312] winWindowProc - WM_DISPLAYCHANGE - new width: 1920 new height: 1080 new bpp: 32
[476807.312] winWindowProc - RemoteSession: no
[476807.312] winUpdateDpi - primary monitor native DPI x 96 y 96
[476807.312] winAllocateFBShadowGDI - Creating DIB with width: 3840 height: 1080 depth: 32
[477628.156] winWindowProc - WM_DISPLAYCHANGE - new width: 2560 new height: 1440 new bpp: 32
[477628.156] winWindowProc - RemoteSession: no
[477628.156] winUpdateDpi - primary monitor native DPI x 96 y 96
[477628.156] winAllocateFBShadowGDI - Creating DIB with width: 4480 height: 1440 depth: 32
[527995.265] winWindowProc - WM_DISPLAYCHANGE - new width: 1920 new height: 1080 new bpp: 32
[527995.265] winWindowProc - RemoteSession: no
[527995.265] winUpdateDpi - primary monitor native DPI x 96 y 96
[527995.265] winAllocateFBShadowGDI - Creating DIB with width: 3840 height: 1080 depth: 32
[527997.875] winWindowProc - WM_DISPLAYCHANGE - new width: 1920 new height: 1080 new bpp: 32
[527997.875] winWindowProc - RemoteSession: no
[527997.875] winUpdateDpi - primary monitor native DPI x 96 y 96
[528255.046] winWindowProc - WM_DISPLAYCHANGE - new width: 2560 new height: 1440 new bpp: 32
[528255.046] winWindowProc - RemoteSession: no
[528255.062] winUpdateDpi - primary monitor native DPI x 96 y 96
[528255.062] winAllocateFBShadowGDI - Creating DIB with width: 4480 height: 1440 depth: 32
[528262.640] winWindowProc - WM_DISPLAYCHANGE - new width: 640 new height: 480 new bpp: 32
[528262.640] winWindowProc - RemoteSession: no
[528262.640] winUpdateDpi - primary monitor native DPI x 96 y 96
[528262.640] winAllocateFBShadowGDI - Creating DIB with width: 2560 height: 1080 depth: 32
[528263.265] winWindowProc - WM_DISPLAYCHANGE - new width: 1920 new height: 1080 new bpp: 32
[528263.265] winWindowProc - RemoteSession: no
[528263.265] winUpdateDpi - primary monitor native DPI x 96 y 96
[528263.265] winAllocateFBShadowGDI - Creating DIB with width: 3840 height: 1080 depth: 32
[529536.343] winWindowProc - WM_DISPLAYCHANGE - new width: 2560 new height: 1440 new bpp: 32
[529536.343] winWindowProc - RemoteSession: no
[529536.343] winUpdateDpi - primary monitor native DPI x 96 y 96
[529536.343] winAllocateFBShadowGDI - Creating DIB with width: 4480 height: 1440 depth: 32
[541723.812] winWindowProc - WM_DISPLAYCHANGE - new width: 2560 new height: 1440 new bpp: 32
[541723.812] winWindowProc - RemoteSession: no
[541723.812] winUpdateDpi - primary monitor native DPI x 96 y 96
[541723.843] winWindowProc - WM_DISPLAYCHANGE - new width: 2560 new height: 1440 new bpp: 32
[541723.843] winWindowProc - RemoteSession: no
[541723.843] winUpdateDpi - primary monitor native DPI x 96 y 96
[541745.843] winWindowProc - WM_DISPLAYCHANGE - new width: 2560 new height: 1440 new bpp: 32
[541745.843] winWindowProc - RemoteSession: no
[541745.843] winUpdateDpi - primary monitor native DPI x 96 y 96
[541745.859] winWindowProc - WM_DISPLAYCHANGE - new width: 2560 new height: 1440 new bpp: 32
[541745.859] winWindowProc - RemoteSession: no
[541745.859] winUpdateDpi - primary monitor native DPI x 96 y 96
[541853.531] winDeinitMultiWindowWM - Noting shutdown in progress
[541853.546] winClipboardProc - winClipboardFlushWindowsMessageQueue trapped WM_QUIT message, exiting main loop.
[541853.546] winMultiWindowXMsgProc - Fatal error 1 on xcb connection
[541853.578] winDeinitMultiWindowWM - Noting shutdown in progress
[541853.578] (II) Server terminated successfully (0). Closing log file.
